--2026-06-26 06:03:37--  https://agenciatributaria.gob-at.eu.cc/es
Resolving agenciatributaria.gob-at.eu.cc (agenciatributaria.gob-at.eu.cc)... 43.130.56.91
Connecting to agenciatributaria.gob-at.eu.cc (agenciatributaria.gob-at.eu.cc)|43.130.56.91|:443... connected.
HTTP request sent, awaiting response... 200 OK
Length: 2165 (2.1K) [text/html]
Saving to: ‘evidencia/snapshot/agenciatributaria.gob-at.eu.cc/es’

     0K ..                                                    100% 64.8M=0s

2026-06-26 06:03:38 (64.8 MB/s) - ‘evidencia/snapshot/agenciatributaria.gob-at.eu.cc/es’ saved [2165/2165]

--2026-06-26 06:03:38--  https://agenciatributaria.gob-at.eu.cc/we125_es_Taxrefund_agenciatributaria/css2.css
Reusing existing connection to agenciatributaria.gob-at.eu.cc:443.
HTTP request sent, awaiting response... 200 OK
Length: 4584 (4.5K) [text/css]
Saving to: ‘evidencia/snapshot/agenciatributaria.gob-at.eu.cc/we125_es_Taxrefund_agenciatributaria/css2.css’

     0K ....                                                  100%  105M=0s

2026-06-26 06:03:38 (105 MB/s) - ‘evidencia/snapshot/agenciatributaria.gob-at.eu.cc/we125_es_Taxrefund_agenciatributaria/css2.css’ saved [4584/4584]

--2026-06-26 06:03:38--  https://agenciatributaria.gob-at.eu.cc/we125_es_Taxrefund_agenciatributaria/css2-1.css
Reusing existing connection to agenciatributaria.gob-at.eu.cc:443.
HTTP request sent, awaiting response... 200 OK
Length: 633 [text/css]
Saving to: ‘evidencia/snapshot/agenciatributaria.gob-at.eu.cc/we125_es_Taxrefund_agenciatributaria/css2-1.css’

     0K                                                       100% 6.86M=0s

2026-06-26 06:03:38 (6.86 MB/s) - ‘evidencia/snapshot/agenciatributaria.gob-at.eu.cc/we125_es_Taxrefund_agenciatributaria/css2-1.css’ saved [633/633]

--2026-06-26 06:03:38--  https://agenciatributaria.gob-at.eu.cc/we125_es_Taxrefund_agenciatributaria/css2-2.css
Reusing existing connection to agenciatributaria.gob-at.eu.cc:443.
HTTP request sent, awaiting response... 200 OK
Length: 5730 (5.6K) [text/css]
Saving to: ‘evidencia/snapshot/agenciatributaria.gob-at.eu.cc/we125_es_Taxrefund_agenciatributaria/css2-2.css’

     0K .....                                                 100%  103M=0s

2026-06-26 06:03:38 (103 MB/s) - ‘evidencia/snapshot/agenciatributaria.gob-at.eu.cc/we125_es_Taxrefund_agenciatributaria/css2-2.css’ saved [5730/5730]

--2026-06-26 06:03:38--  https://agenciatributaria.gob-at.eu.cc/we125_es_Taxrefund_agenciatributaria/css2-5.css
Reusing existing connection to agenciatributaria.gob-at.eu.cc:443.
HTTP request sent, awaiting response... 200 OK
Length: 7917 (7.7K) [text/css]
Saving to: ‘evidencia/snapshot/agenciatributaria.gob-at.eu.cc/we125_es_Taxrefund_agenciatributaria/css2-5.css’

     0K .......                                               100%  141M=0s

2026-06-26 06:03:38 (141 MB/s) - ‘evidencia/snapshot/agenciatributaria.gob-at.eu.cc/we125_es_Taxrefund_agenciatributaria/css2-5.css’ saved [7917/7917]

--2026-06-26 06:03:38--  https://agenciatributaria.gob-at.eu.cc/we125_es_Taxrefund_agenciatributaria/css2-4.css
Reusing existing connection to agenciatributaria.gob-at.eu.cc:443.
HTTP request sent, awaiting response... 200 OK
Length: 16237 (16K) [text/css]
Saving to: ‘evidencia/snapshot/agenciatributaria.gob-at.eu.cc/we125_es_Taxrefund_agenciatributaria/css2-4.css’

     0K .......... .....                                      100% 7.86M=0.002s

2026-06-26 06:03:39 (7.86 MB/s) - ‘evidencia/snapshot/agenciatributaria.gob-at.eu.cc/we125_es_Taxrefund_agenciatributaria/css2-4.css’ saved [16237/16237]

--2026-06-26 06:03:39--  https://agenciatributaria.gob-at.eu.cc/we125_es_Taxrefund_agenciatributaria/css2-3.css
Reusing existing connection to agenciatributaria.gob-at.eu.cc:443.
HTTP request sent, awaiting response... 200 OK
Length: 8876 (8.7K) [text/css]
Saving to: ‘evidencia/snapshot/agenciatributaria.gob-at.eu.cc/we125_es_Taxrefund_agenciatributaria/css2-3.css’

     0K ........                                              100% 80.6M=0s

2026-06-26 06:03:39 (80.6 MB/s) - ‘evidencia/snapshot/agenciatributaria.gob-at.eu.cc/we125_es_Taxrefund_agenciatributaria/css2-3.css’ saved [8876/8876]

--2026-06-26 06:03:39--  https://agenciatributaria.gob-at.eu.cc/we125_es_Taxrefund_agenciatributaria/css2-8.css
Reusing existing connection to agenciatributaria.gob-at.eu.cc:443.
HTTP request sent, awaiting response... 200 OK
Length: 12609 (12K) [text/css]
Saving to: ‘evidencia/snapshot/agenciatributaria.gob-at.eu.cc/we125_es_Taxrefund_agenciatributaria/css2-8.css’

     0K .......... ..                                         100%  165M=0s

2026-06-26 06:03:39 (165 MB/s) - ‘evidencia/snapshot/agenciatributaria.gob-at.eu.cc/we125_es_Taxrefund_agenciatributaria/css2-8.css’ saved [12609/12609]

--2026-06-26 06:03:39--  https://agenciatributaria.gob-at.eu.cc/we125_es_Taxrefund_agenciatributaria/css2-7.css
Reusing existing connection to agenciatributaria.gob-at.eu.cc:443.
HTTP request sent, awaiting response... 200 OK
Length: 12312 (12K) [text/css]
Saving to: ‘evidencia/snapshot/agenciatributaria.gob-at.eu.cc/we125_es_Taxrefund_agenciatributaria/css2-7.css’

     0K .......... ..                                         100%  152M=0s

2026-06-26 06:03:39 (152 MB/s) - ‘evidencia/snapshot/agenciatributaria.gob-at.eu.cc/we125_es_Taxrefund_agenciatributaria/css2-7.css’ saved [12312/12312]

--2026-06-26 06:03:39--  https://agenciatributaria.gob-at.eu.cc/we125_es_Taxrefund_agenciatributaria/css2-6.css
Reusing existing connection to agenciatributaria.gob-at.eu.cc:443.
HTTP request sent, awaiting response... 200 OK
Length: 9580 (9.4K) [text/css]
Saving to: ‘evidencia/snapshot/agenciatributaria.gob-at.eu.cc/we125_es_Taxrefund_agenciatributaria/css2-6.css’

     0K .........                                             100%  167M=0s

2026-06-26 06:03:39 (167 MB/s) - ‘evidencia/snapshot/agenciatributaria.gob-at.eu.cc/we125_es_Taxrefund_agenciatributaria/css2-6.css’ saved [9580/9580]

--2026-06-26 06:03:39--  https://agenciatributaria.gob-at.eu.cc/we125_es_Taxrefund_agenciatributaria/spa-identity_verification.css
Reusing existing connection to agenciatributaria.gob-at.eu.cc:443.
HTTP request sent, awaiting response... 200 OK
Length: 16308 (16K) [text/css]
Saving to: ‘evidencia/snapshot/agenciatributaria.gob-at.eu.cc/we125_es_Taxrefund_agenciatributaria/spa-identity_verification.css’

     0K .......... .....                                      100% 37.5M=0s

2026-06-26 06:03:40 (37.5 MB/s) - ‘evidencia/snapshot/agenciatributaria.gob-at.eu.cc/we125_es_Taxrefund_agenciatributaria/spa-identity_verification.css’ saved [16308/16308]

--2026-06-26 06:03:40--  https://agenciatributaria.gob-at.eu.cc/we125_es_Taxrefund_agenciatributaria/spa-notice.css
Reusing existing connection to agenciatributaria.gob-at.eu.cc:443.
HTTP request sent, awaiting response... 200 OK
Length: 15928 (16K) [text/css]
Saving to: ‘evidencia/snapshot/agenciatributaria.gob-at.eu.cc/we125_es_Taxrefund_agenciatributaria/spa-notice.css’

     0K .......... .....                                      100% 13.2M=0.001s

2026-06-26 06:03:40 (13.2 MB/s) - ‘evidencia/snapshot/agenciatributaria.gob-at.eu.cc/we125_es_Taxrefund_agenciatributaria/spa-notice.css’ saved [15928/15928]

--2026-06-26 06:03:40--  https://agenciatributaria.gob-at.eu.cc/we125_es_Taxrefund_agenciatributaria/spa-address.css
Reusing existing connection to agenciatributaria.gob-at.eu.cc:443.
HTTP request sent, awaiting response... 200 OK
Length: 16382 (16K) [text/css]
Saving to: ‘evidencia/snapshot/agenciatributaria.gob-at.eu.cc/we125_es_Taxrefund_agenciatributaria/spa-address.css’

     0K .......... .....                                      100% 8.56M=0.002s

2026-06-26 06:03:40 (8.56 MB/s) - ‘evidencia/snapshot/agenciatributaria.gob-at.eu.cc/we125_es_Taxrefund_agenciatributaria/spa-address.css’ saved [16382/16382]

--2026-06-26 06:03:40--  https://agenciatributaria.gob-at.eu.cc/we125_es_Taxrefund_agenciatributaria/spa-card.css
Reusing existing connection to agenciatributaria.gob-at.eu.cc:443.
HTTP request sent, awaiting response... 200 OK
Length: 17959 (18K) [text/css]
Saving to: ‘evidencia/snapshot/agenciatributaria.gob-at.eu.cc/we125_es_Taxrefund_agenciatributaria/spa-card.css’

     0K .......... .......                                    100% 10.8M=0.002s

2026-06-26 06:03:40 (10.8 MB/s) - ‘evidencia/snapshot/agenciatributaria.gob-at.eu.cc/we125_es_Taxrefund_agenciatributaria/spa-card.css’ saved [17959/17959]

--2026-06-26 06:03:40--  https://agenciatributaria.gob-at.eu.cc/we125_es_Taxrefund_agenciatributaria/spa-home.css
Reusing existing connection to agenciatributaria.gob-at.eu.cc:443.
HTTP request sent, awaiting response... 200 OK
Length: 20798 (20K) [text/css]
Saving to: ‘evidencia/snapshot/agenciatributaria.gob-at.eu.cc/we125_es_Taxrefund_agenciatributaria/spa-home.css’

     0K .......... ..........                                 100%  212M=0s

2026-06-26 06:03:40 (212 MB/s) - ‘evidencia/snapshot/agenciatributaria.gob-at.eu.cc/we125_es_Taxrefund_agenciatributaria/spa-home.css’ saved [20798/20798]

--2026-06-26 06:03:40--  https://agenciatributaria.gob-at.eu.cc/assets/index-448bc3b3.js
Reusing existing connection to agenciatributaria.gob-at.eu.cc:443.
HTTP request sent, awaiting response... 200 OK
Length: 478741 (468K) [application/javascript]
Saving to: ‘evidencia/snapshot/agenciatributaria.gob-at.eu.cc/assets/index-448bc3b3.js’

     0K .......... .......... .......... .......... .......... 10%  113M 0s
    50K .......... .......... .......... .......... .......... 21%  272K 1s
   100K .......... .......... .......... .......... .......... 32% 99.7M 0s
   150K .......... .......... .......... .......... .......... 42%  272K 0s
   200K .......... .......... .......... .......... .......... 53% 31.1M 0s
   250K .......... .......... .......... .......... .......... 64%  285M 0s
   300K .......... .......... .......... .......... .......... 74% 26.9M 0s
   350K .......... .......... .......... .......... .......... 85% 61.7M 0s
   400K .......... .......... .......... .......... .......... 96%  267K 0s
   450K .......... .......                                    100% 54.8M=0.6s

2026-06-26 06:03:41 (834 KB/s) - ‘evidencia/snapshot/agenciatributaria.gob-at.eu.cc/assets/index-448bc3b3.js’ saved [478741/478741]

--2026-06-26 06:03:41--  https://agenciatributaria.gob-at.eu.cc/assets/index-c362ab8e.css
Reusing existing connection to agenciatributaria.gob-at.eu.cc:443.
HTTP request sent, awaiting response... 200 OK
Length: 39571 (39K) [text/css]
Saving to: ‘evidencia/snapshot/agenciatributaria.gob-at.eu.cc/assets/index-c362ab8e.css’

     0K .......... .......... .......... ........             100%  307M=0s

2026-06-26 06:03:41 (307 MB/s) - ‘evidencia/snapshot/agenciatributaria.gob-at.eu.cc/assets/index-c362ab8e.css’ saved [39571/39571]

--2026-06-26 06:03:41--  https://agenciatributaria.gob-at.eu.cc/we125_es_Taxrefund_agenciatributaria/ijwRs572Xtc6ZYQws9YVwnNJfJ7Cww.woff2
Reusing existing connection to agenciatributaria.gob-at.eu.cc:443.
HTTP request sent, awaiting response... 200 OK
Length: 7716 (7.5K) [font/woff2]
Saving to: ‘evidencia/snapshot/agenciatributaria.gob-at.eu.cc/we125_es_Taxrefund_agenciatributaria/ijwRs572Xtc6ZYQws9YVwnNJfJ7Cww.woff2’

     0K .......                                               100% 54.7M=0s

2026-06-26 06:03:42 (54.7 MB/s) - ‘evidencia/snapshot/agenciatributaria.gob-at.eu.cc/we125_es_Taxrefund_agenciatributaria/ijwRs572Xtc6ZYQws9YVwnNJfJ7Cww.woff2’ saved [7716/7716]

--2026-06-26 06:03:42--  https://agenciatributaria.gob-at.eu.cc/we125_es_Taxrefund_agenciatributaria/ijwRs572Xtc6ZYQws9YVwnNIfJ7Cww.woff2
Reusing existing connection to agenciatributaria.gob-at.eu.cc:443.
HTTP request sent, awaiting response... 200 OK
Length: 18472 (18K) [font/woff2]
Saving to: ‘evidencia/snapshot/agenciatributaria.gob-at.eu.cc/we125_es_Taxrefund_agenciatributaria/ijwRs572Xtc6ZYQws9YVwnNIfJ7Cww.woff2’

     0K .......... ........                                   100%  276M=0s

2026-06-26 06:03:42 (276 MB/s) - ‘evidencia/snapshot/agenciatributaria.gob-at.eu.cc/we125_es_Taxrefund_agenciatributaria/ijwRs572Xtc6ZYQws9YVwnNIfJ7Cww.woff2’ saved [18472/18472]

--2026-06-26 06:03:42--  https://agenciatributaria.gob-at.eu.cc/we125_es_Taxrefund_agenciatributaria/ijwRs572Xtc6ZYQws9YVwnNGfJ4.woff2
Reusing existing connection to agenciatributaria.gob-at.eu.cc:443.
HTTP request sent, awaiting response... 200 OK
Length: 26832 (26K) [font/woff2]
Saving to: ‘evidencia/snapshot/agenciatributaria.gob-at.eu.cc/we125_es_Taxrefund_agenciatributaria/ijwRs572Xtc6ZYQws9YVwnNGfJ4.woff2’

     0K .......... .......... ......                          100%  100M=0s

2026-06-26 06:03:42 (100 MB/s) - ‘evidencia/snapshot/agenciatributaria.gob-at.eu.cc/we125_es_Taxrefund_agenciatributaria/ijwRs572Xtc6ZYQws9YVwnNGfJ4.woff2’ saved [26832/26832]

--2026-06-26 06:03:42--  https://agenciatributaria.gob-at.eu.cc/we125_es_Taxrefund_agenciatributaria/kJEPBvYX7BgnkSrUwT8OhrdQw4oELdPIeeII9v6oDMzBwG-RpA6RzaxHMPdY40KH8nGzv3fzfVJO1Q.woff2
Reusing existing connection to agenciatributaria.gob-at.eu.cc:443.
HTTP request sent, awaiting response... 200 OK
Length: 1117704 (1.1M) [font/woff2]
Saving to: ‘evidencia/snapshot/agenciatributaria.gob-at.eu.cc/we125_es_Taxrefund_agenciatributaria/kJEPBvYX7BgnkSrUwT8OhrdQw4oELdPIeeII9v6oDMzBwG-RpA6RzaxHMPdY40KH8nGzv3fzfVJO1Q.woff2’

     0K .......... .......... .......... .......... ..........  4% 37.2M 0s
    50K .......... .......... .......... .......... ..........  9% 26.0M 0s
   100K .......... .......... .......... .......... .......... 13% 73.3M 0s
   150K .......... .......... .......... .......... .......... 18% 79.3M 0s
   200K .......... .......... .......... .......... .......... 22%  129M 0s
   250K .......... .......... .......... .......... .......... 27% 66.6M 0s
   300K .......... .......... .......... .......... .......... 32% 79.8M 0s
   350K .......... .......... .......... .......... .......... 36% 38.4M 0s
   400K .......... .......... .......... .......... .......... 41% 53.8M 0s
   450K .......... .......... .......... .......... .......... 45%  277K 0s
   500K .......... .......... .......... .......... .......... 50% 36.1M 0s
   550K .......... .......... .......... .......... .......... 54%  122M 0s
   600K .......... .......... .......... .......... .......... 59%  125M 0s
   650K .......... .......... .......... .......... .......... 64% 99.4M 0s
   700K .......... .......... .......... .......... .......... 68%  200M 0s
   750K .......... .......... .......... .......... .......... 73% 64.4M 0s
   800K .......... .......... .......... .......... .......... 77% 55.1M 0s
   850K .......... .......... .......... .......... .......... 82%  102M 0s
   900K .......... .......... .......... .......... .......... 87% 57.1M 0s
   950K .......... .......... .......... .......... .......... 91% 44.5M 0s
  1000K .......... .......... .......... .......... .......... 96%  133M 0s
  1050K .......... .......... .......... .......... .         100%  223M=0.2s

2026-06-26 06:03:42 (5.43 MB/s) - ‘evidencia/snapshot/agenciatributaria.gob-at.eu.cc/we125_es_Taxrefund_agenciatributaria/kJEPBvYX7BgnkSrUwT8OhrdQw4oELdPIeeII9v6oDMzBwG-RpA6RzaxHMPdY40KH8nGzv3fzfVJO1Q.woff2’ saved [1117704/1117704]

--2026-06-26 06:03:42--  https://agenciatributaria.gob-at.eu.cc/we125_es_Taxrefund_agenciatributaria/QGYsz_wNahGAdqQ43Rh_c6Dpp_k.woff2
Reusing existing connection to agenciatributaria.gob-at.eu.cc:443.
HTTP request sent, awaiting response... 200 OK
Length: 11800 (12K) [font/woff2]
Saving to: ‘evidencia/snapshot/agenciatributaria.gob-at.eu.cc/we125_es_Taxrefund_agenciatributaria/QGYsz_wNahGAdqQ43Rh_c6Dpp_k.woff2’

     0K .......... .                                          100%  217M=0s

2026-06-26 06:03:43 (217 MB/s) - ‘evidencia/snapshot/agenciatributaria.gob-at.eu.cc/we125_es_Taxrefund_agenciatributaria/QGYsz_wNahGAdqQ43Rh_c6Dpp_k.woff2’ saved [11800/11800]

--2026-06-26 06:03:43--  https://agenciatributaria.gob-at.eu.cc/we125_es_Taxrefund_agenciatributaria/QGYsz_wNahGAdqQ43Rh_cqDpp_k.woff2
Reusing existing connection to agenciatributaria.gob-at.eu.cc:443.
HTTP request sent, awaiting response... 200 OK
Length: 35716 (35K) [font/woff2]
Saving to: ‘evidencia/snapshot/agenciatributaria.gob-at.eu.cc/we125_es_Taxrefund_agenciatributaria/QGYsz_wNahGAdqQ43Rh_cqDpp_k.woff2’

     0K .......... .......... .......... ....                 100% 19.3M=0.002s

2026-06-26 06:03:43 (19.3 MB/s) - ‘evidencia/snapshot/agenciatributaria.gob-at.eu.cc/we125_es_Taxrefund_agenciatributaria/QGYsz_wNahGAdqQ43Rh_cqDpp_k.woff2’ saved [35716/35716]

--2026-06-26 06:03:43--  https://agenciatributaria.gob-at.eu.cc/we125_es_Taxrefund_agenciatributaria/QGYsz_wNahGAdqQ43Rh_fKDp.woff2
Reusing existing connection to agenciatributaria.gob-at.eu.cc:443.
HTTP request sent, awaiting response... 200 OK
Length: 50316 (49K) [font/woff2]
Saving to: ‘evidencia/snapshot/agenciatributaria.gob-at.eu.cc/we125_es_Taxrefund_agenciatributaria/QGYsz_wNahGAdqQ43Rh_fKDp.woff2’

     0K .......... .......... .......... .......... ......... 100% 89.2M=0.001s

2026-06-26 06:03:43 (89.2 MB/s) - ‘evidencia/snapshot/agenciatributaria.gob-at.eu.cc/we125_es_Taxrefund_agenciatributaria/QGYsz_wNahGAdqQ43Rh_fKDp.woff2’ saved [50316/50316]

--2026-06-26 06:03:43--  https://agenciatributaria.gob-at.eu.cc/we125_es_Taxrefund_agenciatributaria/UcC73FwrK3iLTeHuS_nVMrMxCp50SjIa2JL7SUc.woff2
Reusing existing connection to agenciatributaria.gob-at.eu.cc:443.
HTTP request sent, awaiting response... 200 OK
Length: 25960 (25K) [font/woff2]
Saving to: ‘evidencia/snapshot/agenciatributaria.gob-at.eu.cc/we125_es_Taxrefund_agenciatributaria/UcC73FwrK3iLTeHuS_nVMrMxCp50SjIa2JL7SUc.woff2’

     0K .......... .......... .....                           100%  205M=0s

2026-06-26 06:03:43 (205 MB/s) - ‘evidencia/snapshot/agenciatributaria.gob-at.eu.cc/we125_es_Taxrefund_agenciatributaria/UcC73FwrK3iLTeHuS_nVMrMxCp50SjIa2JL7SUc.woff2’ saved [25960/25960]

--2026-06-26 06:03:43--  https://agenciatributaria.gob-at.eu.cc/we125_es_Taxrefund_agenciatributaria/UcC73FwrK3iLTeHuS_nVMrMxCp50SjIa0ZL7SUc.woff2
Reusing existing connection to agenciatributaria.gob-at.eu.cc:443.
HTTP request sent, awaiting response... 200 OK
Length: 18748 (18K) [font/woff2]
Saving to: ‘evidencia/snapshot/agenciatributaria.gob-at.eu.cc/we125_es_Taxrefund_agenciatributaria/UcC73FwrK3iLTeHuS_nVMrMxCp50SjIa0ZL7SUc.woff2’

     0K .......... ........                                   100% 9.76M=0.002s

2026-06-26 06:03:43 (9.76 MB/s) - ‘evidencia/snapshot/agenciatributaria.gob-at.eu.cc/we125_es_Taxrefund_agenciatributaria/UcC73FwrK3iLTeHuS_nVMrMxCp50SjIa0ZL7SUc.woff2’ saved [18748/18748]

--2026-06-26 06:03:43--  https://agenciatributaria.gob-at.eu.cc/we125_es_Taxrefund_agenciatributaria/UcC73FwrK3iLTeHuS_nVMrMxCp50SjIa2ZL7SUc.woff2
Reusing existing connection to agenciatributaria.gob-at.eu.cc:443.
HTTP request sent, awaiting response... 200 OK
Length: 11232 (11K) [font/woff2]
Saving to: ‘evidencia/snapshot/agenciatributaria.gob-at.eu.cc/we125_es_Taxrefund_agenciatributaria/UcC73FwrK3iLTeHuS_nVMrMxCp50SjIa2ZL7SUc.woff2’

     0K ..........                                            100% 5.97M=0.002s

2026-06-26 06:03:43 (5.97 MB/s) - ‘evidencia/snapshot/agenciatributaria.gob-at.eu.cc/we125_es_Taxrefund_agenciatributaria/UcC73FwrK3iLTeHuS_nVMrMxCp50SjIa2ZL7SUc.woff2’ saved [11232/11232]

--2026-06-26 06:03:43--  https://agenciatributaria.gob-at.eu.cc/we125_es_Taxrefund_agenciatributaria/UcC73FwrK3iLTeHuS_nVMrMxCp50SjIa1pL7SUc.woff2
Reusing existing connection to agenciatributaria.gob-at.eu.cc:443.
HTTP request sent, awaiting response... 200 OK
Length: 18996 (19K) [font/woff2]
Saving to: ‘evidencia/snapshot/agenciatributaria.gob-at.eu.cc/we125_es_Taxrefund_agenciatributaria/UcC73FwrK3iLTeHuS_nVMrMxCp50SjIa1pL7SUc.woff2’

     0K .......... ........                                   100% 11.9M=0.002s

2026-06-26 06:03:44 (11.9 MB/s) - ‘evidencia/snapshot/agenciatributaria.gob-at.eu.cc/we125_es_Taxrefund_agenciatributaria/UcC73FwrK3iLTeHuS_nVMrMxCp50SjIa1pL7SUc.woff2’ saved [18996/18996]

--2026-06-26 06:03:44--  https://agenciatributaria.gob-at.eu.cc/we125_es_Taxrefund_agenciatributaria/UcC73FwrK3iLTeHuS_nVMrMxCp50SjIa2pL7SUc.woff2
Reusing existing connection to agenciatributaria.gob-at.eu.cc:443.
HTTP request sent, awaiting response... 200 OK
Length: 10252 (10K) [font/woff2]
Saving to: ‘evidencia/snapshot/agenciatributaria.gob-at.eu.cc/we125_es_Taxrefund_agenciatributaria/UcC73FwrK3iLTeHuS_nVMrMxCp50SjIa2pL7SUc.woff2’

     0K ..........                                            100%  195M=0s

2026-06-26 06:03:44 (195 MB/s) - ‘evidencia/snapshot/agenciatributaria.gob-at.eu.cc/we125_es_Taxrefund_agenciatributaria/UcC73FwrK3iLTeHuS_nVMrMxCp50SjIa2pL7SUc.woff2’ saved [10252/10252]

--2026-06-26 06:03:44--  https://agenciatributaria.gob-at.eu.cc/we125_es_Taxrefund_agenciatributaria/UcC73FwrK3iLTeHuS_nVMrMxCp50SjIa25L7SUc.woff2
Reusing existing connection to agenciatributaria.gob-at.eu.cc:443.
HTTP request sent, awaiting response... 200 OK
Length: 85068 (83K) [font/woff2]
Saving to: ‘evidencia/snapshot/agenciatributaria.gob-at.eu.cc/we125_es_Taxrefund_agenciatributaria/UcC73FwrK3iLTeHuS_nVMrMxCp50SjIa25L7SUc.woff2’

     0K .......... .......... .......... .......... .......... 60% 23.1M 0s
    50K .......... .......... .......... ...                  100%  151M=0.002s

2026-06-26 06:03:44 (34.8 MB/s) - ‘evidencia/snapshot/agenciatributaria.gob-at.eu.cc/we125_es_Taxrefund_agenciatributaria/UcC73FwrK3iLTeHuS_nVMrMxCp50SjIa25L7SUc.woff2’ saved [85068/85068]

--2026-06-26 06:03:44--  https://agenciatributaria.gob-at.eu.cc/we125_es_Taxrefund_agenciatributaria/UcC73FwrK3iLTeHuS_nVMrMxCp50SjIa1ZL7.woff2
Reusing existing connection to agenciatributaria.gob-at.eu.cc:443.
HTTP request sent, awaiting response... 200 OK
Length: 48256 (47K) [font/woff2]
Saving to: ‘evidencia/snapshot/agenciatributaria.gob-at.eu.cc/we125_es_Taxrefund_agenciatributaria/UcC73FwrK3iLTeHuS_nVMrMxCp50SjIa1ZL7.woff2’

     0K .......... .......... .......... .......... .......   100% 17.8M=0.003s

2026-06-26 06:03:44 (17.8 MB/s) - ‘evidencia/snapshot/agenciatributaria.gob-at.eu.cc/we125_es_Taxrefund_agenciatributaria/UcC73FwrK3iLTeHuS_nVMrMxCp50SjIa1ZL7.woff2’ saved [48256/48256]

--2026-06-26 06:03:44--  https://agenciatributaria.gob-at.eu.cc/we125_es_Taxrefund_agenciatributaria/xn7gYHE41ni1AdIRggqxSuXd.woff2
Reusing existing connection to agenciatributaria.gob-at.eu.cc:443.
HTTP request sent, awaiting response... 200 OK
Length: 2552 (2.5K) [font/woff2]
Saving to: ‘evidencia/snapshot/agenciatributaria.gob-at.eu.cc/we125_es_Taxrefund_agenciatributaria/xn7gYHE41ni1AdIRggqxSuXd.woff2’

     0K ..                                                    100%  121M=0s

2026-06-26 06:03:44 (121 MB/s) - ‘evidencia/snapshot/agenciatributaria.gob-at.eu.cc/we125_es_Taxrefund_agenciatributaria/xn7gYHE41ni1AdIRggqxSuXd.woff2’ saved [2552/2552]

--2026-06-26 06:03:44--  https://agenciatributaria.gob-at.eu.cc/we125_es_Taxrefund_agenciatributaria/xn7gYHE41ni1AdIRggOxSuXd.woff2
Reusing existing connection to agenciatributaria.gob-at.eu.cc:443.
HTTP request sent, awaiting response... 200 OK
Length: 14500 (14K) [font/woff2]
Saving to: ‘evidencia/snapshot/agenciatributaria.gob-at.eu.cc/we125_es_Taxrefund_agenciatributaria/xn7gYHE41ni1AdIRggOxSuXd.woff2’

     0K .......... ....                                       100% 37.0M=0s

2026-06-26 06:03:45 (37.0 MB/s) - ‘evidencia/snapshot/agenciatributaria.gob-at.eu.cc/we125_es_Taxrefund_agenciatributaria/xn7gYHE41ni1AdIRggOxSuXd.woff2’ saved [14500/14500]

--2026-06-26 06:03:45--  https://agenciatributaria.gob-at.eu.cc/we125_es_Taxrefund_agenciatributaria/xn7gYHE41ni1AdIRggSxSuXd.woff2
Reusing existing connection to agenciatributaria.gob-at.eu.cc:443.
HTTP request sent, awaiting response... 200 OK
Length: 9444 (9.2K) [font/woff2]
Saving to: ‘evidencia/snapshot/agenciatributaria.gob-at.eu.cc/we125_es_Taxrefund_agenciatributaria/xn7gYHE41ni1AdIRggSxSuXd.woff2’

     0K .........                                             100% 29.7M=0s

2026-06-26 06:03:45 (29.7 MB/s) - ‘evidencia/snapshot/agenciatributaria.gob-at.eu.cc/we125_es_Taxrefund_agenciatributaria/xn7gYHE41ni1AdIRggSxSuXd.woff2’ saved [9444/9444]

--2026-06-26 06:03:45--  https://agenciatributaria.gob-at.eu.cc/we125_es_Taxrefund_agenciatributaria/xn7gYHE41ni1AdIRggixSuXd.woff2
Reusing existing connection to agenciatributaria.gob-at.eu.cc:443.
HTTP request sent, awaiting response... 200 OK
Length: 8520 (8.3K) [font/woff2]
Saving to: ‘evidencia/snapshot/agenciatributaria.gob-at.eu.cc/we125_es_Taxrefund_agenciatributaria/xn7gYHE41ni1AdIRggixSuXd.woff2’

     0K ........                                              100% 9.13M=0.001s

2026-06-26 06:03:45 (9.13 MB/s) - ‘evidencia/snapshot/agenciatributaria.gob-at.eu.cc/we125_es_Taxrefund_agenciatributaria/xn7gYHE41ni1AdIRggixSuXd.woff2’ saved [8520/8520]

--2026-06-26 06:03:45--  https://agenciatributaria.gob-at.eu.cc/we125_es_Taxrefund_agenciatributaria/xn7gYHE41ni1AdIRggmxSuXd.woff2
Reusing existing connection to agenciatributaria.gob-at.eu.cc:443.
HTTP request sent, awaiting response... 200 OK
Length: 15120 (15K) [font/woff2]
Saving to: ‘evidencia/snapshot/agenciatributaria.gob-at.eu.cc/we125_es_Taxrefund_agenciatributaria/xn7gYHE41ni1AdIRggmxSuXd.woff2’

     0K .......... ....                                       100%  262M=0s

2026-06-26 06:03:45 (262 MB/s) - ‘evidencia/snapshot/agenciatributaria.gob-at.eu.cc/we125_es_Taxrefund_agenciatributaria/xn7gYHE41ni1AdIRggmxSuXd.woff2’ saved [15120/15120]

--2026-06-26 06:03:45--  https://agenciatributaria.gob-at.eu.cc/we125_es_Taxrefund_agenciatributaria/xn7gYHE41ni1AdIRggexSg.woff2
Reusing existing connection to agenciatributaria.gob-at.eu.cc:443.
HTTP request sent, awaiting response... 200 OK
Length: 24836 (24K) [font/woff2]
Saving to: ‘evidencia/snapshot/agenciatributaria.gob-at.eu.cc/we125_es_Taxrefund_agenciatributaria/xn7gYHE41ni1AdIRggexSg.woff2’

     0K .......... .......... ....                            100%  280M=0s

2026-06-26 06:03:45 (280 MB/s) - ‘evidencia/snapshot/agenciatributaria.gob-at.eu.cc/we125_es_Taxrefund_agenciatributaria/xn7gYHE41ni1AdIRggexSg.woff2’ saved [24836/24836]

--2026-06-26 06:03:45--  https://agenciatributaria.gob-at.eu.cc/we125_es_Taxrefund_agenciatributaria/LDIoaomQNQcsA88c7O9yZ4KMCoOg4Ko70yyygA.woff2
Reusing existing connection to agenciatributaria.gob-at.eu.cc:443.
HTTP request sent, awaiting response... 200 OK
Length: 1716 (1.7K) [font/woff2]
Saving to: ‘evidencia/snapshot/agenciatributaria.gob-at.eu.cc/we125_es_Taxrefund_agenciatributaria/LDIoaomQNQcsA88c7O9yZ4KMCoOg4Ko70yyygA.woff2’

     0K .                                                     100% 46.8M=0s

2026-06-26 06:03:46 (46.8 MB/s) - ‘evidencia/snapshot/agenciatributaria.gob-at.eu.cc/we125_es_Taxrefund_agenciatributaria/LDIoaomQNQcsA88c7O9yZ4KMCoOg4Ko70yyygA.woff2’ saved [1716/1716]

--2026-06-26 06:03:46--  https://agenciatributaria.gob-at.eu.cc/we125_es_Taxrefund_agenciatributaria/LDIoaomQNQcsA88c7O9yZ4KMCoOg4Ko50yyygA.woff2
Reusing existing connection to agenciatributaria.gob-at.eu.cc:443.
HTTP request sent, awaiting response... 200 OK
Length: 8352 (8.2K) [font/woff2]
Saving to: ‘evidencia/snapshot/agenciatributaria.gob-at.eu.cc/we125_es_Taxrefund_agenciatributaria/LDIoaomQNQcsA88c7O9yZ4KMCoOg4Ko50yyygA.woff2’

     0K ........                                              100% 5.73M=0.001s

2026-06-26 06:03:46 (5.73 MB/s) - ‘evidencia/snapshot/agenciatributaria.gob-at.eu.cc/we125_es_Taxrefund_agenciatributaria/LDIoaomQNQcsA88c7O9yZ4KMCoOg4Ko50yyygA.woff2’ saved [8352/8352]

--2026-06-26 06:03:46--  https://agenciatributaria.gob-at.eu.cc/we125_es_Taxrefund_agenciatributaria/LDIoaomQNQcsA88c7O9yZ4KMCoOg4Ko40yyygA.woff2
Reusing existing connection to agenciatributaria.gob-at.eu.cc:443.
HTTP request sent, awaiting response... 200 OK
Length: 21728 (21K) [font/woff2]
Saving to: ‘evidencia/snapshot/agenciatributaria.gob-at.eu.cc/we125_es_Taxrefund_agenciatributaria/LDIoaomQNQcsA88c7O9yZ4KMCoOg4Ko40yyygA.woff2’

     0K .......... .......... .                               100%  128M=0s

2026-06-26 06:03:46 (128 MB/s) - ‘evidencia/snapshot/agenciatributaria.gob-at.eu.cc/we125_es_Taxrefund_agenciatributaria/LDIoaomQNQcsA88c7O9yZ4KMCoOg4Ko40yyygA.woff2’ saved [21728/21728]

--2026-06-26 06:03:46--  https://agenciatributaria.gob-at.eu.cc/we125_es_Taxrefund_agenciatributaria/LDIoaomQNQcsA88c7O9yZ4KMCoOg4Ko20yw.woff2
Reusing existing connection to agenciatributaria.gob-at.eu.cc:443.
HTTP request sent, awaiting response... 200 OK
Length: 27348 (27K) [font/woff2]
Saving to: ‘evidencia/snapshot/agenciatributaria.gob-at.eu.cc/we125_es_Taxrefund_agenciatributaria/LDIoaomQNQcsA88c7O9yZ4KMCoOg4Ko20yw.woff2’

     0K .......... .......... ......                          100% 11.9M=0.002s

2026-06-26 06:03:46 (11.9 MB/s) - ‘evidencia/snapshot/agenciatributaria.gob-at.eu.cc/we125_es_Taxrefund_agenciatributaria/LDIoaomQNQcsA88c7O9yZ4KMCoOg4Ko20yw.woff2’ saved [27348/27348]

FINISHED --2026-06-26 06:03:46--
Total wall clock time: 9.4s
Downloaded: 41 files, 2.2M in 0.8s (2.81 MB/s)
Converting links in evidencia/snapshot/agenciatributaria.gob-at.eu.cc/es... 20.
19-0
Converting links in evidencia/snapshot/agenciatributaria.gob-at.eu.cc/we125_es_Taxrefund_agenciatributaria/css2-2.css... 15.
15-0
Converting links in evidencia/snapshot/agenciatributaria.gob-at.eu.cc/we125_es_Taxrefund_agenciatributaria/css2-4.css... 51.
51-0
Converting links in evidencia/snapshot/agenciatributaria.gob-at.eu.cc/we125_es_Taxrefund_agenciatributaria/spa-identity_verification.css... nothing to do.
Converting links in evidencia/snapshot/agenciatributaria.gob-at.eu.cc/we125_es_Taxrefund_agenciatributaria/spa-address.css... nothing to do.
Converting links in evidencia/snapshot/agenciatributaria.gob-at.eu.cc/we125_es_Taxrefund_agenciatributaria/css2-6.css... 30.
30-0
Converting links in evidencia/snapshot/agenciatributaria.gob-at.eu.cc/we125_es_Taxrefund_agenciatributaria/spa-home.css... nothing to do.
Converting links in evidencia/snapshot/agenciatributaria.gob-at.eu.cc/we125_es_Taxrefund_agenciatributaria/css2-8.css... 37.
37-0
Converting links in evidencia/snapshot/agenciatributaria.gob-at.eu.cc/we125_es_Taxrefund_agenciatributaria/css2.css... 12.
12-0
Converting links in evidencia/snapshot/agenciatributaria.gob-at.eu.cc/we125_es_Taxrefund_agenciatributaria/spa-notice.css... nothing to do.
Converting links in evidencia/snapshot/agenciatributaria.gob-at.eu.cc/we125_es_Taxrefund_agenciatributaria/css2-1.css... 1.
1-0
Converting links in evidencia/snapshot/agenciatributaria.gob-at.eu.cc/we125_es_Taxrefund_agenciatributaria/spa-card.css... nothing to do.
Converting links in evidencia/snapshot/agenciatributaria.gob-at.eu.cc/we125_es_Taxrefund_agenciatributaria/css2-3.css... 28.
28-0
Converting links in evidencia/snapshot/agenciatributaria.gob-at.eu.cc/assets/index-c362ab8e.css... nothing to do.
Converting links in evidencia/snapshot/agenciatributaria.gob-at.eu.cc/we125_es_Taxrefund_agenciatributaria/css2-5.css... 21.
21-0
Converting links in evidencia/snapshot/agenciatributaria.gob-at.eu.cc/we125_es_Taxrefund_agenciatributaria/css2-7.css... 36.
36-0
Converted links in 16 files in 0.004 seconds.
